<html>
<head>
<title>TestNG:  Test</title>
<link href="../testng.css" rel="stylesheet" type="text/css" />
<link href="../my-testng.css" rel="stylesheet" type="text/css" />

<style type="text/css">
.log { display: none;} 
.stack-trace { display: none;} 
</style>
<script type="text/javascript">
<!--
function flip(e) {
  current = e.style.display;
  if (current == 'block') {
    e.style.display = 'none';
    return 0;
  }
  else {
    e.style.display = 'block';
    return 1;
  }
}

function toggleBox(szDivId, elem, msg1, msg2)
{
  var res = -1;  if (document.getElementById) {
    res = flip(document.getElementById(szDivId));
  }
  else if (document.all) {
    // this is the way old msie versions work
    res = flip(document.all[szDivId]);
  }
  if(elem) {
    if(res == 0) elem.innerHTML = msg1; else elem.innerHTML = msg2;
  }

}

function toggleAllBoxes() {
  if (document.getElementsByTagName) {
    d = document.getElementsByTagName('div');
    for (i = 0; i < d.length; i++) {
      if (d[i].className == 'log') {
        flip(d[i]);
      }
    }
  }
}

// -->
</script>

</head>
<body>
<h2 align='center'>Test</h2><table border='1' align="center">
<tr>
<td>Tests passed/Failed/Skipped:</td><td>5/3/0</td>
</tr><tr>
<td>Started on:</td><td>Wed Jun 08 15:08:32 IST 2022</td>
</tr>
<tr><td>Total time:</td><td>68 seconds (68090 ms)</td>
</tr><tr>
<td>Included groups:</td><td></td>
</tr><tr>
<td>Excluded groups:</td><td></td>
</tr>
</table><p/>
<small><i>(Hover the method name to see the test class name)</i></small><p/>
<table width='100%' border='1' class='invocation-failed'>
<tr><td colspan='4' align='center'><b>FAILED TESTS</b></td></tr>
<tr><td><b>Test method</b></td>
<td width="30%"><b>Exception</b></td>
<td width="10%"><b>Time (seconds)</b></td>
<td><b>Instance</b></td>
</tr>
<tr>
<td title='testsuite2.test.EntityType_DELETE_with_distinct_EntityTypeID.Delete_Specific_EntityType_using_EntityTypeID()'><b>Delete_Specific_EntityType_using_EntityTypeID</b><br>Test class: testsuite2.test.EntityType_DELETE_with_distinct_EntityTypeID<br>Parameters: https://lnmjapi.adappt.ai/</td>
<td><div><pre>java.lang.AssertionError: expected [HTTP/1.1 200 OK] but found [HTTP/1.1 404 Not Found]
	at auth.api.VerifyStatusLine.ensureLine200(VerifyStatusLine.java:22)
	at depend_1.api.FrameSuite.EntityType_DELETE_Delete(FrameSuite.java:4712)
	at main.api.ExecuteAPILead.Delete(ExecuteAPILead.java:235)
	at apache.api.Shuffle.globalAdmin(Shuffle.java:73)
	at apache.api.Operation.worksheet(Operation.java:13)
	at testsuite2.test.EntityType_DELETE_with_distinct_EntityTypeID.Delete_Specific_EntityType_using_EntityTypeID(EntityType_DELETE_with_distinct_EntityTypeID.java:20)
	at java.base/java.util.ArrayList.forEach(ArrayList.java:1511)
... Removed 33 stack frames</pre></div><a href='#' onClick='toggleBox("stack-trace1194857246", this, "Click to show all stack frames", "Click to hide stack frames")'>Click to show all stack frames</a>
<div class='stack-trace' id='stack-trace1194857246'><pre>java.lang.AssertionError: expected [HTTP/1.1 200 OK] but found [HTTP/1.1 404 Not Found]
	at org.testng.Assert.fail(Assert.java:99)
	at org.testng.Assert.failNotEquals(Assert.java:1037)
	at org.testng.Assert.assertEqualsImpl(Assert.java:140)
	at org.testng.Assert.assertEquals(Assert.java:122)
	at org.testng.Assert.assertEquals(Assert.java:629)
	at org.testng.Assert.assertEquals(Assert.java:639)
	at auth.api.VerifyStatusLine.ensureLine200(VerifyStatusLine.java:22)
	at depend_1.api.FrameSuite.EntityType_DELETE_Delete(FrameSuite.java:4712)
	at main.api.ExecuteAPILead.Delete(ExecuteAPILead.java:235)
	at apache.api.Shuffle.globalAdmin(Shuffle.java:73)
	at apache.api.Operation.worksheet(Operation.java:13)
	at testsuite2.test.EntityType_DELETE_with_distinct_EntityTypeID.Delete_Specific_EntityType_using_EntityTypeID(EntityType_DELETE_with_distinct_EntityTypeID.java:20)
	at java.base/jdk.internal.reflect.NativeMethodAccessorImpl.invoke0(Native Method)
	at java.base/jdk.internal.reflect.NativeMethodAccessorImpl.invoke(NativeMethodAccessorImpl.java:77)
	at java.base/jdk.internal.reflect.DelegatingMethodAccessorImpl.invoke(DelegatingMethodAccessorImpl.java:43)
	at java.base/java.lang.reflect.Method.invoke(Method.java:568)
	at org.testng.internal.MethodInvocationHelper.invokeMethod(MethodInvocationHelper.java:133)
	at org.testng.internal.TestInvoker.invokeMethod(TestInvoker.java:598)
	at org.testng.internal.TestInvoker.invokeTestMethod(TestInvoker.java:173)
	at org.testng.internal.MethodRunner.runInSequence(MethodRunner.java:46)
	at org.testng.internal.TestInvoker$MethodInvocationAgent.invoke(TestInvoker.java:824)
	at org.testng.internal.TestInvoker.invokeTestMethods(TestInvoker.java:146)
	at org.testng.internal.TestMethodWorker.invokeTestMethods(TestMethodWorker.java:146)
	at org.testng.internal.TestMethodWorker.run(TestMethodWorker.java:128)
	at java.base/java.util.ArrayList.forEach(ArrayList.java:1511)
	at org.testng.TestRunner.privateRun(TestRunner.java:794)
	at org.testng.TestRunner.run(TestRunner.java:596)
	at org.testng.SuiteRunner.runTest(SuiteRunner.java:377)
	at org.testng.SuiteRunner.runSequentially(SuiteRunner.java:371)
	at org.testng.SuiteRunner.privateRun(SuiteRunner.java:332)
	at org.testng.SuiteRunner.run(SuiteRunner.java:276)
	at org.testng.SuiteRunnerWorker.runSuite(SuiteRunnerWorker.java:53)
	at org.testng.SuiteRunnerWorker.run(SuiteRunnerWorker.java:96)
	at org.testng.TestNG.runSuitesSequentially(TestNG.java:1212)
	at org.testng.TestNG.runSuitesLocally(TestNG.java:1134)
	at org.testng.TestNG.runSuites(TestNG.java:1063)
	at org.testng.TestNG.run(TestNG.java:1031)
	at org.testng.remote.AbstractRemoteTestNG.run(AbstractRemoteTestNG.java:115)
	at org.testng.remote.RemoteTestNG.initAndRun(RemoteTestNG.java:251)
	at org.testng.remote.RemoteTestNG.main(RemoteTestNG.java:77)
</pre></div></td>
<td>16</td>
<td>testsuite2.test.EntityType_DELETE_with_distinct_EntityTypeID@72d1ad2e</td></tr>
<tr>
<td title='testsuite2.test.EntityType_PUT_with_indistinct.Update_EntityType()'><b>Update_EntityType</b><br>Test class: testsuite2.test.EntityType_PUT_with_indistinct<br>Parameters: https://lnmjapi.adappt.ai/</td>
<td><div><pre>java.lang.AssertionError: expected [HTTP/1.1 200 OK] but found [HTTP/1.1 400 Bad Request]
	at auth.api.VerifyStatusLine.ensureLine200(VerifyStatusLine.java:22)
	at depend_1.api.FrameSuite.EntityType_PUT_Update(FrameSuite.java:4570)
	at main.api.ExecuteAPILead.Put(ExecuteAPILead.java:181)
	at apache.api.Shuffle.globalAdmin(Shuffle.java:70)
	at apache.api.Operation.worksheet(Operation.java:13)
	at testsuite2.test.EntityType_PUT_with_indistinct.Update_EntityType(EntityType_PUT_with_indistinct.java:20)
	at java.base/java.util.ArrayList.forEach(ArrayList.java:1511)
... Removed 33 stack frames</pre></div><a href='#' onClick='toggleBox("stack-trace150255619", this, "Click to show all stack frames", "Click to hide stack frames")'>Click to show all stack frames</a>
<div class='stack-trace' id='stack-trace150255619'><pre>java.lang.AssertionError: expected [HTTP/1.1 200 OK] but found [HTTP/1.1 400 Bad Request]
	at org.testng.Assert.fail(Assert.java:99)
	at org.testng.Assert.failNotEquals(Assert.java:1037)
	at org.testng.Assert.assertEqualsImpl(Assert.java:140)
	at org.testng.Assert.assertEquals(Assert.java:122)
	at org.testng.Assert.assertEquals(Assert.java:629)
	at org.testng.Assert.assertEquals(Assert.java:639)
	at auth.api.VerifyStatusLine.ensureLine200(VerifyStatusLine.java:22)
	at depend_1.api.FrameSuite.EntityType_PUT_Update(FrameSuite.java:4570)
	at main.api.ExecuteAPILead.Put(ExecuteAPILead.java:181)
	at apache.api.Shuffle.globalAdmin(Shuffle.java:70)
	at apache.api.Operation.worksheet(Operation.java:13)
	at testsuite2.test.EntityType_PUT_with_indistinct.Update_EntityType(EntityType_PUT_with_indistinct.java:20)
	at java.base/jdk.internal.reflect.NativeMethodAccessorImpl.invoke0(Native Method)
	at java.base/jdk.internal.reflect.NativeMethodAccessorImpl.invoke(NativeMethodAccessorImpl.java:77)
	at java.base/jdk.internal.reflect.DelegatingMethodAccessorImpl.invoke(DelegatingMethodAccessorImpl.java:43)
	at java.base/java.lang.reflect.Method.invoke(Method.java:568)
	at org.testng.internal.MethodInvocationHelper.invokeMethod(MethodInvocationHelper.java:133)
	at org.testng.internal.TestInvoker.invokeMethod(TestInvoker.java:598)
	at org.testng.internal.TestInvoker.invokeTestMethod(TestInvoker.java:173)
	at org.testng.internal.MethodRunner.runInSequence(MethodRunner.java:46)
	at org.testng.internal.TestInvoker$MethodInvocationAgent.invoke(TestInvoker.java:824)
	at org.testng.internal.TestInvoker.invokeTestMethods(TestInvoker.java:146)
	at org.testng.internal.TestMethodWorker.invokeTestMethods(TestMethodWorker.java:146)
	at org.testng.internal.TestMethodWorker.run(TestMethodWorker.java:128)
	at java.base/java.util.ArrayList.forEach(ArrayList.java:1511)
	at org.testng.TestRunner.privateRun(TestRunner.java:794)
	at org.testng.TestRunner.run(TestRunner.java:596)
	at org.testng.SuiteRunner.runTest(SuiteRunner.java:377)
	at org.testng.SuiteRunner.runSequentially(SuiteRunner.java:371)
	at org.testng.SuiteRunner.privateRun(SuiteRunner.java:332)
	at org.testng.SuiteRunner.run(SuiteRunner.java:276)
	at org.testng.SuiteRunnerWorker.runSuite(SuiteRunnerWorker.java:53)
	at org.testng.SuiteRunnerWorker.run(SuiteRunnerWorker.java:96)
	at org.testng.TestNG.runSuitesSequentially(TestNG.java:1212)
	at org.testng.TestNG.runSuitesLocally(TestNG.java:1134)
	at org.testng.TestNG.runSuites(TestNG.java:1063)
	at org.testng.TestNG.run(TestNG.java:1031)
	at org.testng.remote.AbstractRemoteTestNG.run(AbstractRemoteTestNG.java:115)
	at org.testng.remote.RemoteTestNG.initAndRun(RemoteTestNG.java:251)
	at org.testng.remote.RemoteTestNG.main(RemoteTestNG.java:77)
</pre></div></td>
<td>25</td>
<td>testsuite2.test.EntityType_PUT_with_indistinct@5c5eefef</td></tr>
<tr>
<td title='testsuite2.test.EntityType_GET_with_distinct_EntityTypeID.View_Specific_EntityType_using_EntityTypeID()'><b>View_Specific_EntityType_using_EntityTypeID</b><br>Test class: testsuite2.test.EntityType_GET_with_distinct_EntityTypeID<br>Parameters: https://lnmjapi.adappt.ai/</td>
<td><div><pre>java.lang.AssertionError: expected [HTTP/1.1 200 OK] but found [HTTP/1.1 400 Bad Request]
	at auth.api.VerifyStatusLine.ensureLine200(VerifyStatusLine.java:22)
	at depend_1.api.FrameSuite.EntityType_GET_View_Specific_EntityType(FrameSuite.java:4606)
	at main.api.ExecuteAPILead.View_ID(ExecuteAPILead.java:301)
	at apache.api.Shuffle.globalAdmin(Shuffle.java:67)
	at apache.api.Operation.worksheet(Operation.java:13)
	at testsuite2.test.EntityType_GET_with_distinct_EntityTypeID.View_Specific_EntityType_using_EntityTypeID(EntityType_GET_with_distinct_EntityTypeID.java:20)
	at java.base/java.util.ArrayList.forEach(ArrayList.java:1511)
... Removed 33 stack frames</pre></div><a href='#' onClick='toggleBox("stack-trace1207935560", this, "Click to show all stack frames", "Click to hide stack frames")'>Click to show all stack frames</a>
<div class='stack-trace' id='stack-trace1207935560'><pre>java.lang.AssertionError: expected [HTTP/1.1 200 OK] but found [HTTP/1.1 400 Bad Request]
	at org.testng.Assert.fail(Assert.java:99)
	at org.testng.Assert.failNotEquals(Assert.java:1037)
	at org.testng.Assert.assertEqualsImpl(Assert.java:140)
	at org.testng.Assert.assertEquals(Assert.java:122)
	at org.testng.Assert.assertEquals(Assert.java:629)
	at org.testng.Assert.assertEquals(Assert.java:639)
	at auth.api.VerifyStatusLine.ensureLine200(VerifyStatusLine.java:22)
	at depend_1.api.FrameSuite.EntityType_GET_View_Specific_EntityType(FrameSuite.java:4606)
	at main.api.ExecuteAPILead.View_ID(ExecuteAPILead.java:301)
	at apache.api.Shuffle.globalAdmin(Shuffle.java:67)
	at apache.api.Operation.worksheet(Operation.java:13)
	at testsuite2.test.EntityType_GET_with_distinct_EntityTypeID.View_Specific_EntityType_using_EntityTypeID(EntityType_GET_with_distinct_EntityTypeID.java:20)
	at java.base/jdk.internal.reflect.NativeMethodAccessorImpl.invoke0(Native Method)
	at java.base/jdk.internal.reflect.NativeMethodAccessorImpl.invoke(NativeMethodAccessorImpl.java:77)
	at java.base/jdk.internal.reflect.DelegatingMethodAccessorImpl.invoke(DelegatingMethodAccessorImpl.java:43)
	at java.base/java.lang.reflect.Method.invoke(Method.java:568)
	at org.testng.internal.MethodInvocationHelper.invokeMethod(MethodInvocationHelper.java:133)
	at org.testng.internal.TestInvoker.invokeMethod(TestInvoker.java:598)
	at org.testng.internal.TestInvoker.invokeTestMethod(TestInvoker.java:173)
	at org.testng.internal.MethodRunner.runInSequence(MethodRunner.java:46)
	at org.testng.internal.TestInvoker$MethodInvocationAgent.invoke(TestInvoker.java:824)
	at org.testng.internal.TestInvoker.invokeTestMethods(TestInvoker.java:146)
	at org.testng.internal.TestMethodWorker.invokeTestMethods(TestMethodWorker.java:146)
	at org.testng.internal.TestMethodWorker.run(TestMethodWorker.java:128)
	at java.base/java.util.ArrayList.forEach(ArrayList.java:1511)
	at org.testng.TestRunner.privateRun(TestRunner.java:794)
	at org.testng.TestRunner.run(TestRunner.java:596)
	at org.testng.SuiteRunner.runTest(SuiteRunner.java:377)
	at org.testng.SuiteRunner.runSequentially(SuiteRunner.java:371)
	at org.testng.SuiteRunner.privateRun(SuiteRunner.java:332)
	at org.testng.SuiteRunner.run(SuiteRunner.java:276)
	at org.testng.SuiteRunnerWorker.runSuite(SuiteRunnerWorker.java:53)
	at org.testng.SuiteRunnerWorker.run(SuiteRunnerWorker.java:96)
	at org.testng.TestNG.runSuitesSequentially(TestNG.java:1212)
	at org.testng.TestNG.runSuitesLocally(TestNG.java:1134)
	at org.testng.TestNG.runSuites(TestNG.java:1063)
	at org.testng.TestNG.run(TestNG.java:1031)
	at org.testng.remote.AbstractRemoteTestNG.run(AbstractRemoteTestNG.java:115)
	at org.testng.remote.RemoteTestNG.initAndRun(RemoteTestNG.java:251)
	at org.testng.remote.RemoteTestNG.main(RemoteTestNG.java:77)
</pre></div></td>
<td>5</td>
<td>testsuite2.test.EntityType_GET_with_distinct_EntityTypeID@38c6f217</td></tr>
</table><p>
<table width='100%' border='1' class='invocation-passed'>
<tr><td colspan='4' align='center'><b>PASSED TESTS</b></td></tr>
<tr><td><b>Test method</b></td>
<td width="30%"><b>Exception</b></td>
<td width="10%"><b>Time (seconds)</b></td>
<td><b>Instance</b></td>
</tr>
<tr>
<td title='scenarios.api.EntityType.filename()'><b>filename</b><br>Test class: scenarios.api.EntityType</td>
<td></td>
<td>0</td>
<td>scenarios.api.EntityType@4a94ee4</td></tr>
<tr>
<td title='scenarios.api.EntityType_EntityTypeID.filename()'><b>filename</b><br>Test class: scenarios.api.EntityType_EntityTypeID</td>
<td></td>
<td>0</td>
<td>scenarios.api.EntityType_EntityTypeID@595b007d</td></tr>
<tr>
<td title='extend.api.CreateReport.extend()'><b>extend</b><br>Test class: extend.api.CreateReport</td>
<td></td>
<td>0</td>
<td>extend.api.CreateReport@222545dc</td></tr>
<tr>
<td title='testsuite2.test.EntityType_GET_with_indistinct.View_EntityType()'><b>View_EntityType</b><br>Test class: testsuite2.test.EntityType_GET_with_indistinct<br>Parameters: https://lnmjapi.adappt.ai/</td>
<td></td>
<td>5</td>
<td>testsuite2.test.EntityType_GET_with_indistinct@5158b42f</td></tr>
<tr>
<td title='testsuite2.test.EntityType_POST_with_indistinct.Create_EntityType()'><b>Create_EntityType</b><br>Test class: testsuite2.test.EntityType_POST_with_indistinct<br>Parameters: https://lnmjapi.adappt.ai/</td>
<td></td>
<td>14</td>
<td>testsuite2.test.EntityType_POST_with_indistinct@16293aa2</td></tr>
</table><p>
</body>
</html>